Jan 3, 2019 12:42:18 PM com.m7.wide.eclipse.jstudio.Plugin activate
INFO: max mem: 768
Jan 3, 2019 12:42:51 PM com.m7.wide.eclipse.jstudio.Plugin activate
INFO: max mem: 768
Jan 3, 2019 12:48:42 PM com.m7.wide.mldoc.TagLibrary diskCacheTagLib
SEVERE: unable to save the taglib cache file: E:\Extosoft\TRAINNING\.metadata\.plugins\com.m7.nitrox\AppTier\WebApp\web-app_2_5.xsd1032077032.m7
java.io.IOException: The system cannot find the path specified
	at java.io.WinNTFileSystem.createFileExclusively(Native Method)
	at java.io.File.createNewFile(File.java:883)
	at com.m7.wide.mldoc.TagLibrary.diskCacheTagLib(TagLibrary.java:778)
	at com.m7.wide.mldoc.TagLibrary.getTagLibrary(TagLibrary.java:450)
	at com.m7.wide.mldoc.html.HtmlParserEventHandler.addTagLib(HtmlParserEventHandler.java:532)
	at com.m7.wide.mldoc.xml.XmlParserEventHandler.checkAddDefaultTagLib(XmlParserEventHandler.java:45)
	at com.m7.wide.mldoc.xml.XmlParserEventHandler.addTagLibsFromNameSpace(XmlParserEventHandler.java:93)
	at com.m7.wide.mldoc.html.HtmlParserEventHandler.doHandleTag(HtmlParserEventHandler.java:73)
	at com.m7.wide.mldoc.parser.DefaultEventHandler.handleTag(DefaultEventHandler.java:452)
	at com.m7.wide.mldoc.parser.DefaultParser.consumeTag(DefaultParser.java:128)
	at com.m7.wide.mldoc.parser.DefaultParser.callHandler(DefaultParser.java:175)
	at com.m7.wide.mldoc.parser.DefaultParser.parse(DefaultParser.java:80)
	at com.m7.wide.mldoc.DefaultDocument.setText(DefaultDocument.java:472)
	at com.m7.wide.mldoc.DefaultDocument.setText(DefaultDocument.java:564)
	at com.m7.wide.jwebapp.JavaWebApp.loadAppConfig(JavaWebApp.java:93)
	at com.m7.wide.jwebapp.JavaWebApp.getAppConfig(JavaWebApp.java:66)
	at com.m7.wide.jsf.FacesPlugin.fileChanged(FacesPlugin.java:450)
	at com.m7.wide.FileChangeNotifier$MultiListenerMapHelper.fireFileChanged(FileChangeNotifier.java:301)
	at com.m7.wide.FileChangeNotifier$MultiListenerMapHelper.fireFileChanged(FileChangeNotifier.java:291)
	at com.m7.wide.FileChangeNotifier.fireFileChanged(FileChangeNotifier.java:136)
	at com.m7.wide.FileChangeNotifier.access$100(FileChangeNotifier.java:31)
	at com.m7.wide.FileChangeNotifier$MyFileListener.fileRemoved(FileChangeNotifier.java:206)
	at com.m7.wide.HostProjectMgr.fireFileRemoved(HostProjectMgr.java:111)
	at com.m7.wide.eclipse.EclipseDeltaVisitor.visit(EclipseDeltaVisitor.java:121)
	at org.eclipse.core.internal.events.ResourceDelta.accept(ResourceDelta.java:67)
	at org.eclipse.core.internal.events.ResourceDelta.accept(ResourceDelta.java:76)
	at org.eclipse.core.internal.events.ResourceDelta.accept(ResourceDelta.java:76)
	at org.eclipse.core.internal.events.ResourceDelta.accept(ResourceDelta.java:76)
	at org.eclipse.core.internal.events.ResourceDelta.accept(ResourceDelta.java:48)
	at com.m7.wide.eclipse.NitroxBuilder.incrementalBuild(NitroxBuilder.java:76)
	at com.m7.wide.eclipse.NitroxBuilder.build(NitroxBuilder.java:62)
	at org.eclipse.core.internal.events.BuildManager$2.run(BuildManager.java:624)
	at org.eclipse.core.runtime.SafeRunner.run(SafeRunner.java:37)
	at org.eclipse.core.internal.events.BuildManager.basicBuild(BuildManager.java:166)
	at org.eclipse.core.internal.events.BuildManager.basicBuild(BuildManager.java:197)
	at org.eclipse.core.internal.events.BuildManager$1.run(BuildManager.java:246)
	at org.eclipse.core.runtime.SafeRunner.run(SafeRunner.java:37)
	at org.eclipse.core.internal.events.BuildManager.basicBuild(BuildManager.java:249)
	at org.eclipse.core.internal.events.BuildManager.basicBuildLoop(BuildManager.java:302)
	at org.eclipse.core.internal.events.BuildManager.build(BuildManager.java:334)
	at org.eclipse.core.internal.events.AutoBuildJob.doBuild(AutoBuildJob.java:137)
	at org.eclipse.core.internal.events.AutoBuildJob.run(AutoBuildJob.java:235)
	at org.eclipse.core.internal.jobs.Worker.run(Worker.java:55)
Jan 3, 2019 12:48:42 PM com.m7.wide.mldoc.TagLibrary diskCacheTagLib
SEVERE: unable to save the taglib cache file: E:\Extosoft\TRAINNING\.metadata\.plugins\com.m7.nitrox\AppTier\WebApp\web-app_2_5.xsd1032077032.m7
java.io.IOException: The system cannot find the path specified
	at java.io.WinNTFileSystem.createFileExclusively(Native Method)
	at java.io.File.createNewFile(File.java:883)
	at com.m7.wide.mldoc.TagLibrary.diskCacheTagLib(TagLibrary.java:778)
	at com.m7.wide.mldoc.TagLibrary.getTagLibrary(TagLibrary.java:450)
	at com.m7.wide.mldoc.html.HtmlParserEventHandler.addTagLib(HtmlParserEventHandler.java:532)
	at com.m7.wide.mldoc.xml.XmlParserEventHandler.checkAddDefaultTagLib(XmlParserEventHandler.java:45)
	at com.m7.wide.mldoc.xml.XmlParserEventHandler.addTagLibsFromNameSpace(XmlParserEventHandler.java:93)
	at com.m7.wide.mldoc.html.HtmlParserEventHandler.doHandleTag(HtmlParserEventHandler.java:73)
	at com.m7.wide.mldoc.parser.DefaultEventHandler.handleTag(DefaultEventHandler.java:452)
	at com.m7.wide.mldoc.parser.DefaultParser.consumeTag(DefaultParser.java:128)
	at com.m7.wide.mldoc.parser.DefaultParser.callHandler(DefaultParser.java:175)
	at com.m7.wide.mldoc.parser.DefaultParser.parse(DefaultParser.java:80)
	at com.m7.wide.mldoc.DefaultDocument.setText(DefaultDocument.java:472)
	at com.m7.wide.mldoc.DefaultDocument.setText(DefaultDocument.java:564)
	at com.m7.wide.jwebapp.JavaWebApp.loadAppConfig(JavaWebApp.java:93)
	at com.m7.wide.jwebapp.JavaWebApp.getAppConfig(JavaWebApp.java:66)
	at com.m7.wide.jsf.FacesPlugin.fileChanged(FacesPlugin.java:450)
	at com.m7.wide.FileChangeNotifier$MultiListenerMapHelper.fireFileChanged(FileChangeNotifier.java:301)
	at com.m7.wide.FileChangeNotifier$MultiListenerMapHelper.fireFileChanged(FileChangeNotifier.java:291)
	at com.m7.wide.FileChangeNotifier.fireFileChanged(FileChangeNotifier.java:136)
	at com.m7.wide.FileChangeNotifier.access$100(FileChangeNotifier.java:31)
	at com.m7.wide.FileChangeNotifier$MyFileListener.fileRemoved(FileChangeNotifier.java:206)
	at com.m7.wide.HostProjectMgr.fireFileRemoved(HostProjectMgr.java:111)
	at com.m7.wide.eclipse.EclipseDeltaVisitor.visit(EclipseDeltaVisitor.java:121)
	at org.eclipse.core.internal.events.ResourceDelta.accept(ResourceDelta.java:67)
	at org.eclipse.core.internal.events.ResourceDelta.accept(ResourceDelta.java:76)
	at org.eclipse.core.internal.events.ResourceDelta.accept(ResourceDelta.java:76)
	at org.eclipse.core.internal.events.ResourceDelta.accept(ResourceDelta.java:76)
	at org.eclipse.core.internal.events.ResourceDelta.accept(ResourceDelta.java:48)
	at com.m7.wide.eclipse.NitroxBuilder.incrementalBuild(NitroxBuilder.java:76)
	at com.m7.wide.eclipse.NitroxBuilder.build(NitroxBuilder.java:62)
	at org.eclipse.core.internal.events.BuildManager$2.run(BuildManager.java:624)
	at org.eclipse.core.runtime.SafeRunner.run(SafeRunner.java:37)
	at org.eclipse.core.internal.events.BuildManager.basicBuild(BuildManager.java:166)
	at org.eclipse.core.internal.events.BuildManager.basicBuild(BuildManager.java:197)
	at org.eclipse.core.internal.events.BuildManager$1.run(BuildManager.java:246)
	at org.eclipse.core.runtime.SafeRunner.run(SafeRunner.java:37)
	at org.eclipse.core.internal.events.BuildManager.basicBuild(BuildManager.java:249)
	at org.eclipse.core.internal.events.BuildManager.basicBuildLoop(BuildManager.java:302)
	at org.eclipse.core.internal.events.BuildManager.build(BuildManager.java:334)
	at org.eclipse.core.internal.events.AutoBuildJob.doBuild(AutoBuildJob.java:137)
	at org.eclipse.core.internal.events.AutoBuildJob.run(AutoBuildJob.java:235)
	at org.eclipse.core.internal.jobs.Worker.run(Worker.java:55)
Jan 3, 2019 12:48:42 PM com.m7.wide.mldoc.TagLibrary diskCacheTagLib
SEVERE: unable to save the taglib cache file: E:\Extosoft\TRAINNING\.metadata\.plugins\com.m7.nitrox\AppTier\WebApp\web-app_2_5.xsd1032077032.m7
java.io.IOException: The system cannot find the path specified
	at java.io.WinNTFileSystem.createFileExclusively(Native Method)
	at java.io.File.createNewFile(File.java:883)
	at com.m7.wide.mldoc.TagLibrary.diskCacheTagLib(TagLibrary.java:778)
	at com.m7.wide.mldoc.TagLibrary.getTagLibrary(TagLibrary.java:450)
	at com.m7.wide.mldoc.html.HtmlParserEventHandler.addTagLib(HtmlParserEventHandler.java:532)
	at com.m7.wide.mldoc.xml.XmlParserEventHandler.checkAddDefaultTagLib(XmlParserEventHandler.java:45)
	at com.m7.wide.mldoc.xml.XmlParserEventHandler.addTagLibsFromNameSpace(XmlParserEventHandler.java:93)
	at com.m7.wide.mldoc.html.HtmlParserEventHandler.doHandleTag(HtmlParserEventHandler.java:73)
	at com.m7.wide.mldoc.parser.DefaultEventHandler.handleTag(DefaultEventHandler.java:452)
	at com.m7.wide.mldoc.parser.DefaultParser.consumeTag(DefaultParser.java:128)
	at com.m7.wide.mldoc.parser.DefaultParser.callHandler(DefaultParser.java:175)
	at com.m7.wide.mldoc.parser.DefaultParser.parse(DefaultParser.java:80)
	at com.m7.wide.mldoc.DefaultDocument.setText(DefaultDocument.java:472)
	at com.m7.wide.mldoc.DefaultDocument.setText(DefaultDocument.java:564)
	at com.m7.wide.jwebapp.JavaWebApp.loadAppConfig(JavaWebApp.java:93)
	at com.m7.wide.jwebapp.JavaWebApp.getAppConfig(JavaWebApp.java:66)
	at com.m7.wide.jsf.FacesPlugin.fileChanged(FacesPlugin.java:450)
	at com.m7.wide.FileChangeNotifier$MultiListenerMapHelper.fireFileChanged(FileChangeNotifier.java:301)
	at com.m7.wide.FileChangeNotifier$MultiListenerMapHelper.fireFileChanged(FileChangeNotifier.java:291)
	at com.m7.wide.FileChangeNotifier.fireFileChanged(FileChangeNotifier.java:136)
	at com.m7.wide.FileChangeNotifier.access$100(FileChangeNotifier.java:31)
	at com.m7.wide.FileChangeNotifier$MyFileListener.fileRemoved(FileChangeNotifier.java:206)
	at com.m7.wide.HostProjectMgr.fireFileRemoved(HostProjectMgr.java:111)
	at com.m7.wide.eclipse.EclipseDeltaVisitor.visit(EclipseDeltaVisitor.java:121)
	at org.eclipse.core.internal.events.ResourceDelta.accept(ResourceDelta.java:67)
	at org.eclipse.core.internal.events.ResourceDelta.accept(ResourceDelta.java:76)
	at org.eclipse.core.internal.events.ResourceDelta.accept(ResourceDelta.java:76)
	at org.eclipse.core.internal.events.ResourceDelta.accept(ResourceDelta.java:76)
	at org.eclipse.core.internal.events.ResourceDelta.accept(ResourceDelta.java:48)
	at com.m7.wide.eclipse.NitroxBuilder.incrementalBuild(NitroxBuilder.java:76)
	at com.m7.wide.eclipse.NitroxBuilder.build(NitroxBuilder.java:62)
	at org.eclipse.core.internal.events.BuildManager$2.run(BuildManager.java:624)
	at org.eclipse.core.runtime.SafeRunner.run(SafeRunner.java:37)
	at org.eclipse.core.internal.events.BuildManager.basicBuild(BuildManager.java:166)
	at org.eclipse.core.internal.events.BuildManager.basicBuild(BuildManager.java:197)
	at org.eclipse.core.internal.events.BuildManager$1.run(BuildManager.java:246)
	at org.eclipse.core.runtime.SafeRunner.run(SafeRunner.java:37)
	at org.eclipse.core.internal.events.BuildManager.basicBuild(BuildManager.java:249)
	at org.eclipse.core.internal.events.BuildManager.basicBuildLoop(BuildManager.java:302)
	at org.eclipse.core.internal.events.BuildManager.build(BuildManager.java:334)
	at org.eclipse.core.internal.events.AutoBuildJob.doBuild(AutoBuildJob.java:137)
	at org.eclipse.core.internal.events.AutoBuildJob.run(AutoBuildJob.java:235)
	at org.eclipse.core.internal.jobs.Worker.run(Worker.java:55)
Jan 3, 2019 3:51:33 PM com.m7.wide.eclipse.jstudio.Plugin activate
INFO: max mem: 768
Jan 4, 2019 10:27:56 AM com.m7.wide.eclipse.jstudio.Plugin activate
INFO: max mem: 768
Jan 4, 2019 1:53:16 PM com.m7.wide.eclipse.jstudio.Plugin activate
INFO: max mem: 768
Jan 5, 2019 10:46:10 AM com.m7.wide.eclipse.jstudio.Plugin activate
INFO: max mem: 768
Jan 5, 2019 3:01:08 PM com.m7.wide.eclipse.jstudio.Plugin activate
INFO: max mem: 768
